<?xml version="1.0" encoding="UTF-8"?>
<!-- Generated by org.testng.reporters.JUnitReportReporter -->
<testsuite hostname="PUNHJW256997L" name="org.rest.test.GetAPITest" tests="1" failures="0" timestamp="3 Sep 2019 20:07:47 GMT" time="0.969" errors="0">
  <testcase name="testRestClient" time="0.969" classname="org.rest.test.GetAPITest"/>
</testsuite> <!-- org.rest.test.GetAPITest -->
