<?xml version="1.0" encoding="UTF-8"?>
<!-- Generated by org.testng.reporters.JUnitReportReporter -->
<testsuite hostname="PUNHJW256997L" name="org.rest.test.PostAPITest" tests="1" failures="0" timestamp="5 Sep 2019 20:48:03 GMT" time="1.893" errors="0">
  <testcase name="postAPITestWithHeaders" time="1.893" classname="org.rest.test.PostAPITest"/>
</testsuite> <!-- org.rest.test.PostAPITest -->
